{"C:\\Users\\Hande\\Desktop\\Chas stuff\\Photo_Gallery\\Photo_Gallery\\scripts\\script.js": {"path":"C:\\Users\\Hande\\Desktop\\Chas stuff\\Photo_Gallery\\Photo_Gallery\\scripts\\script.js","statementMap":{"0":{"start":{"line":5,"column":18},"end":{"line":5,"column":37}},"1":{"start":{"line":6,"column":17},"end":{"line":6,"column":28}},"2":{"start":{"line":7,"column":4},"end":{"line":7,"column":48}},"3":{"start":{"line":7,"column":30},"end":{"line":7,"column":48}},"4":{"start":{"line":8,"column":4},"end":{"line":8,"column":44}},"5":{"start":{"line":13,"column":4},"end":{"line":15,"column":6}},"6":{"start":{"line":14,"column":8},"end":{"line":14,"column":76}},"7":{"start":{"line":14,"column":29},"end":{"line":14,"column":75}},"8":{"start":{"line":20,"column":4},"end":{"line":20,"column":36}},"9":{"start":{"line":20,"column":29},"end":{"line":20,"column":36}},"10":{"start":{"line":21,"column":4},"end":{"line":21,"column":33}},"11":{"start":{"line":22,"column":4},"end":{"line":22,"column":28}},"12":{"start":{"line":27,"column":4},"end":{"line":27,"column":25}},"13":{"start":{"line":27,"column":18},"end":{"line":27,"column":25}},"14":{"start":{"line":28,"column":4},"end":{"line":56,"column":5}},"15":{"start":{"line":29,"column":25},"end":{"line":29,"column":54}},"16":{"start":{"line":30,"column":23},"end":{"line":30,"column":44}},"17":{"start":{"line":31,"column":28},"end":{"line":31,"column":44}},"18":{"start":{"line":33,"column":8},"end":{"line":33,"column":31}},"19":{"start":{"line":35,"column":8},"end":{"line":53,"column":11}},"20":{"start":{"line":36,"column":34},"end":{"line":36,"column":60}},"21":{"start":{"line":37,"column":12},"end":{"line":52,"column":13}},"22":{"start":{"line":38,"column":28},"end":{"line":38,"column":57}},"23":{"start":{"line":39,"column":16},"end":{"line":39,"column":47}},"24":{"start":{"line":41,"column":37},"end":{"line":41,"column":66}},"25":{"start":{"line":42,"column":16},"end":{"line":42,"column":53}},"26":{"start":{"line":43,"column":16},"end":{"line":43,"column":55}},"27":{"start":{"line":44,"column":16},"end":{"line":44,"column":46}},"28":{"start":{"line":46,"column":16},"end":{"line":48,"column":18}},"29":{"start":{"line":47,"column":20},"end":{"line":47,"column":68}},"30":{"start":{"line":50,"column":16},"end":{"line":50,"column":46}},"31":{"start":{"line":51,"column":16},"end":{"line":51,"column":41}},"32":{"start":{"line":55,"column":8},"end":{"line":55,"column":57}},"33":{"start":{"line":61,"column":4},"end":{"line":61,"column":35}},"34":{"start":{"line":61,"column":28},"end":{"line":61,"column":35}},"35":{"start":{"line":62,"column":4},"end":{"line":69,"column":7}},"36":{"start":{"line":63,"column":21},"end":{"line":63,"column":49}},"37":{"start":{"line":64,"column":22},"end":{"line":64,"column":63}},"38":{"start":{"line":65,"column":8},"end":{"line":68,"column":11}},"39":{"start":{"line":66,"column":28},"end":{"line":66,"column":71}},"40":{"start":{"line":67,"column":12},"end":{"line":67,"column":75}},"41":{"start":{"line":74,"column":0},"end":{"line":79,"column":3}},"42":{"start":{"line":75,"column":18},"end":{"line":75,"column":55}},"43":{"start":{"line":76,"column":4},"end":{"line":78,"column":5}},"44":{"start":{"line":77,"column":8},"end":{"line":77,"column":37}},"45":{"start":{"line":81,"column":0},"end":{"line":88,"column":3}},"46":{"start":{"line":82,"column":4},"end":{"line":87,"column":5}},"47":{"start":{"line":83,"column":22},"end":{"line":83,"column":59}},"48":{"start":{"line":84,"column":8},"end":{"line":86,"column":9}},"49":{"start":{"line":85,"column":12},"end":{"line":85,"column":41}},"50":{"start":{"line":92,"column":16},"end":{"line":92,"column":50}},"51":{"start":{"line":93,"column":14},"end":{"line":93,"column":51}},"52":{"start":{"line":94,"column":17},"end":{"line":94,"column":53}},"53":{"start":{"line":95,"column":20},"end":{"line":95,"column":63}},"54":{"start":{"line":97,"column":0},"end":{"line":97,"column":52}},"55":{"start":{"line":97,"column":17},"end":{"line":97,"column":52}},"56":{"start":{"line":98,"column":0},"end":{"line":98,"column":37}},"57":{"start":{"line":101,"column":0},"end":{"line":109,"column":1}},"58":{"start":{"line":102,"column":4},"end":{"line":108,"column":6}}},"fnMap":{"0":{"name":"getCurrentPage","decl":{"start":{"line":4,"column":9},"end":{"line":4,"column":23}},"loc":{"start":{"line":4,"column":61},"end":{"line":9,"column":1}},"line":4},"1":{"name":"filterImages","decl":{"start":{"line":12,"column":9},"end":{"line":12,"column":21}},"loc":{"start":{"line":12,"column":36},"end":{"line":16,"column":1}},"line":12},"2":{"name":"(anonymous_2)","decl":{"start":{"line":13,"column":25},"end":{"line":13,"column":26}},"loc":{"start":{"line":14,"column":8},"end":{"line":14,"column":76}},"line":14},"3":{"name":"(anonymous_3)","decl":{"start":{"line":14,"column":22},"end":{"line":14,"column":23}},"loc":{"start":{"line":14,"column":29},"end":{"line":14,"column":75}},"line":14},"4":{"name":"showFullImage","decl":{"start":{"line":19,"column":9},"end":{"line":19,"column":22}},"loc":{"start":{"line":19,"column":50},"end":{"line":23,"column":1}},"line":19},"5":{"name":"loadImages","decl":{"start":{"line":26,"column":15},"end":{"line":26,"column":25}},"loc":{"start":{"line":26,"column":52},"end":{"line":57,"column":1}},"line":26},"6":{"name":"(anonymous_6)","decl":{"start":{"line":35,"column":23},"end":{"line":35,"column":24}},"loc":{"start":{"line":35,"column":30},"end":{"line":53,"column":9}},"line":35},"7":{"name":"(anonymous_7)","decl":{"start":{"line":46,"column":55},"end":{"line":46,"column":56}},"loc":{"start":{"line":47,"column":20},"end":{"line":47,"column":68}},"line":47},"8":{"name":"attachSearch","decl":{"start":{"line":60,"column":9},"end":{"line":60,"column":21}},"loc":{"start":{"line":60,"column":38},"end":{"line":70,"column":1}},"line":60},"9":{"name":"(anonymous_9)","decl":{"start":{"line":62,"column":36},"end":{"line":62,"column":37}},"loc":{"start":{"line":62,"column":41},"end":{"line":69,"column":5}},"line":62},"10":{"name":"(anonymous_10)","decl":{"start":{"line":65,"column":22},"end":{"line":65,"column":23}},"loc":{"start":{"line":65,"column":30},"end":{"line":68,"column":9}},"line":65},"11":{"name":"(anonymous_11)","decl":{"start":{"line":74,"column":35},"end":{"line":74,"column":36}},"loc":{"start":{"line":74,"column":40},"end":{"line":79,"column":1}},"line":74},"12":{"name":"(anonymous_12)","decl":{"start":{"line":81,"column":37},"end":{"line":81,"column":38}},"loc":{"start":{"line":81,"column":42},"end":{"line":88,"column":1}},"line":81}},"branchMap":{"0":{"loc":{"start":{"line":4,"column":24},"end":{"line":4,"column":59}},"type":"default-arg","locations":[{"start":{"line":4,"column":35},"end":{"line":4,"column":59}}],"line":4},"1":{"loc":{"start":{"line":7,"column":4},"end":{"line":7,"column":48}},"type":"if","locations":[{"start":{"line":7,"column":4},"end":{"line":7,"column":48}},{"start":{},"end":{}}],"line":7},"2":{"loc":{"start":{"line":7,"column":8},"end":{"line":7,"column":28}},"type":"binary-expr","locations":[{"start":{"line":7,"column":8},"end":{"line":7,"column":13}},{"start":{"line":7,"column":17},"end":{"line":7,"column":28}}],"line":7},"3":{"loc":{"start":{"line":20,"column":4},"end":{"line":20,"column":36}},"type":"if","locations":[{"start":{"line":20,"column":4},"end":{"line":20,"column":36}},{"start":{},"end":{}}],"line":20},"4":{"loc":{"start":{"line":20,"column":8},"end":{"line":20,"column":27}},"type":"binary-expr","locations":[{"start":{"line":20,"column":8},"end":{"line":20,"column":14}},{"start":{"line":20,"column":18},"end":{"line":20,"column":27}}],"line":20},"5":{"loc":{"start":{"line":27,"column":4},"end":{"line":27,"column":25}},"type":"if","locations":[{"start":{"line":27,"column":4},"end":{"line":27,"column":25}},{"start":{},"end":{}}],"line":27},"6":{"loc":{"start":{"line":37,"column":12},"end":{"line":52,"column":13}},"type":"if","locations":[{"start":{"line":37,"column":12},"end":{"line":52,"column":13}},{"start":{},"end":{}}],"line":37},"7":{"loc":{"start":{"line":37,"column":16},"end":{"line":37,"column":75}},"type":"binary-expr","locations":[{"start":{"line":37,"column":16},"end":{"line":37,"column":45}},{"start":{"line":37,"column":49},"end":{"line":37,"column":75}}],"line":37},"8":{"loc":{"start":{"line":61,"column":4},"end":{"line":61,"column":35}},"type":"if","locations":[{"start":{"line":61,"column":4},"end":{"line":61,"column":35}},{"start":{},"end":{}}],"line":61},"9":{"loc":{"start":{"line":61,"column":8},"end":{"line":61,"column":26}},"type":"binary-expr","locations":[{"start":{"line":61,"column":8},"end":{"line":61,"column":14}},{"start":{"line":61,"column":18},"end":{"line":61,"column":26}}],"line":61},"10":{"loc":{"start":{"line":67,"column":33},"end":{"line":67,"column":74}},"type":"cond-expr","locations":[{"start":{"line":67,"column":58},"end":{"line":67,"column":65}},{"start":{"line":67,"column":68},"end":{"line":67,"column":74}}],"line":67},"11":{"loc":{"start":{"line":76,"column":4},"end":{"line":78,"column":5}},"type":"if","locations":[{"start":{"line":76,"column":4},"end":{"line":78,"column":5}},{"start":{},"end":{}}],"line":76},"12":{"loc":{"start":{"line":76,"column":8},"end":{"line":76,"column":66}},"type":"binary-expr","locations":[{"start":{"line":76,"column":8},"end":{"line":76,"column":44}},{"start":{"line":76,"column":48},"end":{"line":76,"column":66}}],"line":76},"13":{"loc":{"start":{"line":82,"column":4},"end":{"line":87,"column":5}},"type":"if","locations":[{"start":{"line":82,"column":4},"end":{"line":87,"column":5}},{"start":{},"end":{}}],"line":82},"14":{"loc":{"start":{"line":84,"column":8},"end":{"line":86,"column":9}},"type":"if","locations":[{"start":{"line":84,"column":8},"end":{"line":86,"column":9}},{"start":{},"end":{}}],"line":84},"15":{"loc":{"start":{"line":84,"column":12},"end":{"line":84,"column":51}},"type":"binary-expr","locations":[{"start":{"line":84,"column":12},"end":{"line":84,"column":17}},{"start":{"line":84,"column":21},"end":{"line":84,"column":51}}],"line":84},"16":{"loc":{"start":{"line":97,"column":0},"end":{"line":97,"column":52}},"type":"if","locations":[{"start":{"line":97,"column":0},"end":{"line":97,"column":52}},{"start":{},"end":{}}],"line":97},"17":{"loc":{"start":{"line":101,"column":0},"end":{"line":109,"column":1}},"type":"if","locations":[{"start":{"line":101,"column":0},"end":{"line":109,"column":1}},{"start":{},"end":{}}],"line":101},"18":{"loc":{"start":{"line":101,"column":4},"end":{"line":101,"column":51}},"type":"binary-expr","locations":[{"start":{"line":101,"column":4},"end":{"line":101,"column":33}},{"start":{"line":101,"column":37},"end":{"line":101,"column":51}}],"line":101}},"s":{"0":7,"1":7,"2":7,"3":4,"4":3,"5":3,"6":9,"7":13,"8":3,"9":1,"10":2,"11":2,"12":5,"13":2,"14":3,"15":3,"16":2,"17":2,"18":2,"19":2,"20":2,"21":2,"22":2,"23":2,"24":2,"25":2,"26":2,"27":2,"28":2,"29":1,"30":2,"31":2,"32":1,"33":2,"34":1,"35":1,"36":1,"37":1,"38":1,"39":2,"40":2,"41":1,"42":3,"43":3,"44":2,"45":1,"46":1,"47":1,"48":1,"49":1,"50":1,"51":1,"52":1,"53":1,"54":1,"55":0,"56":1,"57":1,"58":1},"f":{"0":7,"1":3,"2":9,"3":13,"4":3,"5":5,"6":2,"7":1,"8":2,"9":1,"10":2,"11":3,"12":1},"b":{"0":[2],"1":[4,3],"2":[7,3],"3":[1,2],"4":[3,2],"5":[2,3],"6":[2,0],"7":[2,0],"8":[1,1],"9":[2,1],"10":[1,1],"11":[2,1],"12":[3,2],"13":[1,0],"14":[1,0],"15":[1,1],"16":[0,1],"17":[1,0],"18":[1,1]},"_coverageSchema":"1a1c01bbd47fc00a2c39e90264f33305004495a9","hash":"4352b84928df944595511c039316b5c365655648"}
}
