TN:
SF:scripts\script.js
FN:4,getCurrentPage
FN:12,filterImages
FN:13,(anonymous_2)
FN:14,(anonymous_3)
FN:19,showFullImage
FN:26,loadImages
FN:35,(anonymous_6)
FN:46,(anonymous_7)
FN:60,attachSearch
FN:62,(anonymous_9)
FN:65,(anonymous_10)
FN:74,(anonymous_11)
FN:81,(anonymous_12)
FNF:13
FNH:13
FNDA:7,getCurrentPage
FNDA:3,filterImages
FNDA:9,(anonymous_2)
FNDA:13,(anonymous_3)
FNDA:3,showFullImage
FNDA:5,loadImages
FNDA:2,(anonymous_6)
FNDA:1,(anonymous_7)
FNDA:2,attachSearch
FNDA:1,(anonymous_9)
FNDA:2,(anonymous_10)
FNDA:3,(anonymous_11)
FNDA:1,(anonymous_12)
DA:5,7
DA:6,7
DA:7,7
DA:8,3
DA:13,3
DA:14,13
DA:20,3
DA:21,2
DA:22,2
DA:27,5
DA:28,3
DA:29,3
DA:30,2
DA:31,2
DA:33,2
DA:35,2
DA:36,2
DA:37,2
DA:38,2
DA:39,2
DA:41,2
DA:42,2
DA:43,2
DA:44,2
DA:46,2
DA:47,1
DA:50,2
DA:51,2
DA:55,1
DA:61,2
DA:62,1
DA:63,1
DA:64,1
DA:65,1
DA:66,2
DA:67,2
DA:74,1
DA:75,3
DA:76,3
DA:77,2
DA:81,1
DA:82,1
DA:83,1
DA:84,1
DA:85,1
DA:92,1
DA:93,1
DA:94,1
DA:95,1
DA:97,1
DA:98,1
DA:101,1
DA:102,1
LF:53
LH:53
BRDA:4,0,0,2
BRDA:7,1,0,4
BRDA:7,1,1,3
BRDA:7,2,0,7
BRDA:7,2,1,3
BRDA:20,3,0,1
BRDA:20,3,1,2
BRDA:20,4,0,3
BRDA:20,4,1,2
BRDA:27,5,0,2
BRDA:27,5,1,3
BRDA:37,6,0,2
BRDA:37,6,1,0
BRDA:37,7,0,2
BRDA:37,7,1,0
BRDA:61,8,0,1
BRDA:61,8,1,1
BRDA:61,9,0,2
BRDA:61,9,1,1
BRDA:67,10,0,1
BRDA:67,10,1,1
BRDA:76,11,0,2
BRDA:76,11,1,1
BRDA:76,12,0,3
BRDA:76,12,1,2
BRDA:82,13,0,1
BRDA:82,13,1,0
BRDA:84,14,0,1
BRDA:84,14,1,0
BRDA:84,15,0,1
BRDA:84,15,1,1
BRDA:97,16,0,0
BRDA:97,16,1,1
BRDA:101,17,0,1
BRDA:101,17,1,0
BRDA:101,18,0,1
BRDA:101,18,1,1
BRF:37
BRH:31
end_of_record
